<?xml version="1.0" encoding="UTF-8"?>
<coverage generated="1590322665523" clover="3.2.0">
  <project timestamp="1590322665523" name="All files">
    <metrics statements="63" coveredstatements="57" conditionals="35" coveredconditionals="27" methods="8" coveredmethods="7" elements="106" coveredelements="91" complexity="0" loc="63" ncloc="63" packages="1" files="2" classes="2"/>
    <file name="index.js" path="/Users/macbook/Desktop/Sampurna/newscorp/app/index.js">
      <metrics statements="29" coveredstatements="27" conditionals="8" coveredconditionals="7" methods="4" coveredmethods="3"/>
      <line num="1" count="1" type="stmt"/>
      <line num="2" count="1" type="stmt"/>
      <line num="3" count="1" type="stmt"/>
      <line num="5" count="1" type="stmt"/>
      <line num="6" count="1" type="stmt"/>
      <line num="8" count="1" type="stmt"/>
      <line num="9" count="1" type="stmt"/>
      <line num="11" count="1" type="stmt"/>
      <line num="12" count="1" type="stmt"/>
      <line num="13" count="1" type="stmt"/>
      <line num="15" count="1" type="stmt"/>
      <line num="16" count="0" type="stmt"/>
      <line num="19" count="1" type="stmt"/>
      <line num="20" count="4" type="stmt"/>
      <line num="21" count="4" type="stmt"/>
      <line num="22" count="4" type="stmt"/>
      <line num="23" count="4" type="stmt"/>
      <line num="25" count="4" type="stmt"/>
      <line num="26" count="4" type="stmt"/>
      <line num="28" count="4" type="cond" truecount="3" falsecount="1"/>
      <line num="29" count="0" type="stmt"/>
      <line num="31" count="4" type="stmt"/>
      <line num="33" count="4" type="cond" truecount="4" falsecount="0"/>
      <line num="34" count="2" type="stmt"/>
      <line num="35" count="2" type="stmt"/>
      <line num="37" count="4" type="stmt"/>
      <line num="38" count="2" type="stmt"/>
      <line num="39" count="2" type="stmt"/>
      <line num="45" count="1" type="stmt"/>
    </file>
    <file name="util.js" path="/Users/macbook/Desktop/Sampurna/newscorp/app/util.js">
      <metrics statements="34" coveredstatements="30" conditionals="27" coveredconditionals="20" methods="4" coveredmethods="4"/>
      <line num="5" count="38" type="cond" truecount="8" falsecount="0"/>
      <line num="8" count="6" type="stmt"/>
      <line num="10" count="6" type="stmt"/>
      <line num="12" count="5" type="stmt"/>
      <line num="14" count="5" type="stmt"/>
      <line num="16" count="5" type="stmt"/>
      <line num="18" count="5" type="stmt"/>
      <line num="20" count="5" type="stmt"/>
      <line num="22" count="1" type="stmt"/>
      <line num="30" count="5" type="stmt"/>
      <line num="31" count="5" type="stmt"/>
      <line num="32" count="5" type="stmt"/>
      <line num="34" count="35" type="stmt"/>
      <line num="35" count="35" type="stmt"/>
      <line num="36" count="35" type="stmt"/>
      <line num="37" count="35" type="stmt"/>
      <line num="38" count="35" type="stmt"/>
      <line num="39" count="35" type="stmt"/>
      <line num="42" count="35" type="stmt"/>
      <line num="51" count="5" type="stmt"/>
      <line num="58" count="12" type="cond" truecount="12" falsecount="7"/>
      <line num="61" count="1" type="stmt"/>
      <line num="63" count="1" type="stmt"/>
      <line num="65" count="0" type="stmt"/>
      <line num="67" count="0" type="stmt"/>
      <line num="72" count="1" type="stmt"/>
      <line num="74" count="0" type="stmt"/>
      <line num="76" count="0" type="stmt"/>
      <line num="79" count="5" type="stmt"/>
      <line num="82" count="1" type="stmt"/>
      <line num="85" count="1" type="stmt"/>
      <line num="88" count="1" type="stmt"/>
      <line num="90" count="1" type="stmt"/>
      <line num="94" count="2" type="stmt"/>
    </file>
  </project>
</coverage>
