{"/Users/macbook/Desktop/Sampurna/newscorp/app/index.js": {"path":"/Users/macbook/Desktop/Sampurna/newscorp/app/index.js","statementMap":{"0":{"start":{"line":1,"column":16},"end":{"line":1,"column":34}},"1":{"start":{"line":2,"column":19},"end":{"line":2,"column":41}},"2":{"start":{"line":3,"column":16},"end":{"line":3,"column":34}},"3":{"start":{"line":5,"column":14},"end":{"line":5,"column":31}},"4":{"start":{"line":6,"column":12},"end":{"line":6,"column":21}},"5":{"start":{"line":8,"column":15},"end":{"line":8,"column":49}},"6":{"start":{"line":9,"column":16},"end":{"line":9,"column":71}},"7":{"start":{"line":11,"column":0},"end":{"line":11,"column":34}},"8":{"start":{"line":12,"column":0},"end":{"line":12,"column":51}},"9":{"start":{"line":13,"column":0},"end":{"line":13,"column":30}},"10":{"start":{"line":15,"column":0},"end":{"line":17,"column":3}},"11":{"start":{"line":16,"column":4},"end":{"line":16,"column":54}},"12":{"start":{"line":19,"column":0},"end":{"line":43,"column":3}},"13":{"start":{"line":20,"column":15},"end":{"line":20,"column":30}},"14":{"start":{"line":21,"column":18},"end":{"line":21,"column":36}},"15":{"start":{"line":22,"column":4},"end":{"line":22,"column":24}},"16":{"start":{"line":23,"column":16},"end":{"line":23,"column":83}},"17":{"start":{"line":25,"column":4},"end":{"line":42,"column":9}},"18":{"start":{"line":26,"column":24},"end":{"line":26,"column":40}},"19":{"start":{"line":28,"column":8},"end":{"line":41,"column":9}},"20":{"start":{"line":29,"column":10},"end":{"line":29,"column":112}},"21":{"start":{"line":31,"column":12},"end":{"line":31,"column":66}},"22":{"start":{"line":33,"column":12},"end":{"line":40,"column":13}},"23":{"start":{"line":34,"column":16},"end":{"line":34,"column":80}},"24":{"start":{"line":35,"column":16},"end":{"line":35,"column":117}},"25":{"start":{"line":37,"column":33},"end":{"line":37,"column":107}},"26":{"start":{"line":37,"column":60},"end":{"line":37,"column":106}},"27":{"start":{"line":38,"column":16},"end":{"line":38,"column":73}},"28":{"start":{"line":39,"column":16},"end":{"line":39,"column":110}},"29":{"start":{"line":45,"column":0},"end":{"line":45,"column":20}}},"fnMap":{"0":{"name":"(anonymous_0)","decl":{"start":{"line":15,"column":13},"end":{"line":15,"column":14}},"loc":{"start":{"line":15,"column":27},"end":{"line":17,"column":1}},"line":15},"1":{"name":"(anonymous_1)","decl":{"start":{"line":19,"column":37},"end":{"line":19,"column":38}},"loc":{"start":{"line":19,"column":51},"end":{"line":43,"column":1}},"line":19},"2":{"name":"(anonymous_2)","decl":{"start":{"line":25,"column":17},"end":{"line":25,"column":18}},"loc":{"start":{"line":25,"column":48},"end":{"line":42,"column":7}},"line":25},"3":{"name":"(anonymous_3)","decl":{"start":{"line":37,"column":53},"end":{"line":37,"column":54}},"loc":{"start":{"line":37,"column":60},"end":{"line":37,"column":106}},"line":37}},"branchMap":{"0":{"loc":{"start":{"line":28,"column":8},"end":{"line":41,"column":9}},"type":"if","locations":[{"start":{"line":28,"column":8},"end":{"line":41,"column":9}},{"start":{"line":28,"column":8},"end":{"line":41,"column":9}}],"line":28},"1":{"loc":{"start":{"line":28,"column":12},"end":{"line":28,"column":39}},"type":"binary-expr","locations":[{"start":{"line":28,"column":12},"end":{"line":28,"column":15}},{"start":{"line":28,"column":19},"end":{"line":28,"column":39}}],"line":28},"2":{"loc":{"start":{"line":33,"column":12},"end":{"line":40,"column":13}},"type":"if","locations":[{"start":{"line":33,"column":12},"end":{"line":40,"column":13}},{"start":{"line":33,"column":12},"end":{"line":40,"column":13}}],"line":33},"3":{"loc":{"start":{"line":33,"column":16},"end":{"line":33,"column":53}},"type":"binary-expr","locations":[{"start":{"line":33,"column":16},"end":{"line":33,"column":31}},{"start":{"line":33,"column":35},"end":{"line":33,"column":53}}],"line":33}},"s":{"0":1,"1":1,"2":1,"3":1,"4":1,"5":1,"6":1,"7":1,"8":1,"9":1,"10":1,"11":0,"12":1,"13":4,"14":4,"15":4,"16":4,"17":4,"18":4,"19":4,"20":0,"21":4,"22":4,"23":2,"24":2,"25":2,"26":4,"27":2,"28":2,"29":1},"f":{"0":0,"1":4,"2":4,"3":4},"b":{"0":[0,4],"1":[4,4],"2":[2,2],"3":[4,3]},"_coverageSchema":"1a1c01bbd47fc00a2c39e90264f33305004495a9","hash":"7b2176de8f9803132793ca9e0f98e1a229b72e50"}
,"/Users/macbook/Desktop/Sampurna/newscorp/app/util.js": {"path":"/Users/macbook/Desktop/Sampurna/newscorp/app/util.js","statementMap":{"0":{"start":{"line":5,"column":4},"end":{"line":23,"column":5}},"1":{"start":{"line":8,"column":12},"end":{"line":8,"column":28}},"2":{"start":{"line":10,"column":12},"end":{"line":10,"column":28}},"3":{"start":{"line":12,"column":12},"end":{"line":12,"column":29}},"4":{"start":{"line":14,"column":12},"end":{"line":14,"column":31}},"5":{"start":{"line":16,"column":12},"end":{"line":16,"column":30}},"6":{"start":{"line":18,"column":12},"end":{"line":18,"column":28}},"7":{"start":{"line":20,"column":12},"end":{"line":20,"column":30}},"8":{"start":{"line":22,"column":12},"end":{"line":22,"column":34}},"9":{"start":{"line":30,"column":25},"end":{"line":30,"column":27}},"10":{"start":{"line":31,"column":4},"end":{"line":31,"column":28}},"11":{"start":{"line":32,"column":4},"end":{"line":49,"column":7}},"12":{"start":{"line":34,"column":21},"end":{"line":34,"column":44}},"13":{"start":{"line":35,"column":23},"end":{"line":35,"column":48}},"14":{"start":{"line":36,"column":23},"end":{"line":36,"column":47}},"15":{"start":{"line":37,"column":24},"end":{"line":37,"column":48}},"16":{"start":{"line":38,"column":25},"end":{"line":38,"column":51}},"17":{"start":{"line":39,"column":12},"end":{"line":39,"column":44}},"18":{"start":{"line":42,"column":12},"end":{"line":48,"column":15}},"19":{"start":{"line":51,"column":4},"end":{"line":51,"column":26}},"20":{"start":{"line":58,"column":4},"end":{"line":91,"column":5}},"21":{"start":{"line":61,"column":12},"end":{"line":61,"column":31}},"22":{"start":{"line":63,"column":12},"end":{"line":63,"column":30}},"23":{"start":{"line":65,"column":12},"end":{"line":65,"column":35}},"24":{"start":{"line":67,"column":12},"end":{"line":67,"column":41}},"25":{"start":{"line":72,"column":12},"end":{"line":72,"column":41}},"26":{"start":{"line":74,"column":12},"end":{"line":74,"column":31}},"27":{"start":{"line":76,"column":12},"end":{"line":76,"column":37}},"28":{"start":{"line":79,"column":12},"end":{"line":79,"column":30}},"29":{"start":{"line":82,"column":12},"end":{"line":82,"column":31}},"30":{"start":{"line":85,"column":12},"end":{"line":85,"column":35}},"31":{"start":{"line":88,"column":12},"end":{"line":88,"column":34}},"32":{"start":{"line":90,"column":12},"end":{"line":90,"column":28}},"33":{"start":{"line":94,"column":0},"end":{"line":94,"column":71}}},"fnMap":{"0":{"name":"getDayText","decl":{"start":{"line":4,"column":9},"end":{"line":4,"column":19}},"loc":{"start":{"line":4,"column":31},"end":{"line":24,"column":1}},"line":4},"1":{"name":"generateWeeklyForcast","decl":{"start":{"line":29,"column":9},"end":{"line":29,"column":30}},"loc":{"start":{"line":29,"column":44},"end":{"line":52,"column":1}},"line":29},"2":{"name":"(anonymous_2)","decl":{"start":{"line":32,"column":28},"end":{"line":32,"column":29}},"loc":{"start":{"line":33,"column":4},"end":{"line":49,"column":5}},"line":33},"3":{"name":"getIconFilename","decl":{"start":{"line":57,"column":9},"end":{"line":57,"column":24}},"loc":{"start":{"line":57,"column":36},"end":{"line":92,"column":1}},"line":57}},"branchMap":{"0":{"loc":{"start":{"line":5,"column":4},"end":{"line":23,"column":5}},"type":"switch","locations":[{"start":{"line":7,"column":8},"end":{"line":8,"column":28}},{"start":{"line":9,"column":8},"end":{"line":10,"column":28}},{"start":{"line":11,"column":8},"end":{"line":12,"column":29}},{"start":{"line":13,"column":8},"end":{"line":14,"column":31}},{"start":{"line":15,"column":8},"end":{"line":16,"column":30}},{"start":{"line":17,"column":8},"end":{"line":18,"column":28}},{"start":{"line":19,"column":8},"end":{"line":20,"column":30}},{"start":{"line":21,"column":8},"end":{"line":22,"column":34}}],"line":5},"1":{"loc":{"start":{"line":58,"column":4},"end":{"line":91,"column":5}},"type":"switch","locations":[{"start":{"line":60,"column":8},"end":{"line":61,"column":31}},{"start":{"line":62,"column":8},"end":{"line":63,"column":30}},{"start":{"line":64,"column":8},"end":{"line":65,"column":35}},{"start":{"line":66,"column":8},"end":{"line":67,"column":41}},{"start":{"line":68,"column":8},"end":{"line":68,"column":19}},{"start":{"line":69,"column":8},"end":{"line":69,"column":19}},{"start":{"line":70,"column":8},"end":{"line":70,"column":19}},{"start":{"line":71,"column":8},"end":{"line":72,"column":41}},{"start":{"line":73,"column":8},"end":{"line":74,"column":31}},{"start":{"line":75,"column":8},"end":{"line":76,"column":37}},{"start":{"line":77,"column":8},"end":{"line":77,"column":19}},{"start":{"line":78,"column":8},"end":{"line":79,"column":30}},{"start":{"line":80,"column":8},"end":{"line":80,"column":19}},{"start":{"line":81,"column":8},"end":{"line":82,"column":31}},{"start":{"line":83,"column":8},"end":{"line":83,"column":19}},{"start":{"line":84,"column":8},"end":{"line":85,"column":35}},{"start":{"line":86,"column":8},"end":{"line":86,"column":19}},{"start":{"line":87,"column":8},"end":{"line":88,"column":34}},{"start":{"line":89,"column":8},"end":{"line":90,"column":28}}],"line":58}},"s":{"0":38,"1":6,"2":6,"3":5,"4":5,"5":5,"6":5,"7":5,"8":1,"9":5,"10":5,"11":5,"12":35,"13":35,"14":35,"15":35,"16":35,"17":35,"18":35,"19":5,"20":12,"21":1,"22":1,"23":0,"24":0,"25":1,"26":0,"27":0,"28":5,"29":1,"30":1,"31":1,"32":1,"33":2},"f":{"0":38,"1":5,"2":35,"3":12},"b":{"0":[6,6,5,5,5,5,5,1],"1":[1,1,0,0,0,1,1,1,0,0,3,5,1,1,0,1,0,1,1]},"_coverageSchema":"1a1c01bbd47fc00a2c39e90264f33305004495a9","hash":"2fdb6b3146beac2cc7a3de7e5f8e3235616ab32d"}
}
