TN:
SF:app/index.js
FN:15,(anonymous_0)
FN:19,(anonymous_1)
FN:25,(anonymous_2)
FN:37,(anonymous_3)
FNF:4
FNH:3
FNDA:0,(anonymous_0)
FNDA:4,(anonymous_1)
FNDA:4,(anonymous_2)
FNDA:4,(anonymous_3)
DA:1,1
DA:2,1
DA:3,1
DA:5,1
DA:6,1
DA:8,1
DA:9,1
DA:11,1
DA:12,1
DA:13,1
DA:15,1
DA:16,0
DA:19,1
DA:20,4
DA:21,4
DA:22,4
DA:23,4
DA:25,4
DA:26,4
DA:28,4
DA:29,0
DA:31,4
DA:33,4
DA:34,2
DA:35,2
DA:37,4
DA:38,2
DA:39,2
DA:45,1
LF:29
LH:27
BRDA:28,0,0,0
BRDA:28,0,1,4
BRDA:28,1,0,4
BRDA:28,1,1,4
BRDA:33,2,0,2
BRDA:33,2,1,2
BRDA:33,3,0,4
BRDA:33,3,1,3
BRF:8
BRH:7
end_of_record
TN:
SF:app/util.js
FN:4,getDayText
FN:29,generateWeeklyForcast
FN:32,(anonymous_2)
FN:57,getIconFilename
FNF:4
FNH:4
FNDA:38,getDayText
FNDA:5,generateWeeklyForcast
FNDA:35,(anonymous_2)
FNDA:12,getIconFilename
DA:5,38
DA:8,6
DA:10,6
DA:12,5
DA:14,5
DA:16,5
DA:18,5
DA:20,5
DA:22,1
DA:30,5
DA:31,5
DA:32,5
DA:34,35
DA:35,35
DA:36,35
DA:37,35
DA:38,35
DA:39,35
DA:42,35
DA:51,5
DA:58,12
DA:61,1
DA:63,1
DA:65,0
DA:67,0
DA:72,1
DA:74,0
DA:76,0
DA:79,5
DA:82,1
DA:85,1
DA:88,1
DA:90,1
DA:94,2
LF:34
LH:30
BRDA:5,0,0,6
BRDA:5,0,1,6
BRDA:5,0,2,5
BRDA:5,0,3,5
BRDA:5,0,4,5
BRDA:5,0,5,5
BRDA:5,0,6,5
BRDA:5,0,7,1
BRDA:58,1,0,1
BRDA:58,1,1,1
BRDA:58,1,2,0
BRDA:58,1,3,0
BRDA:58,1,4,0
BRDA:58,1,5,1
BRDA:58,1,6,1
BRDA:58,1,7,1
BRDA:58,1,8,0
BRDA:58,1,9,0
BRDA:58,1,10,3
BRDA:58,1,11,5
BRDA:58,1,12,1
BRDA:58,1,13,1
BRDA:58,1,14,0
BRDA:58,1,15,1
BRDA:58,1,16,0
BRDA:58,1,17,1
BRDA:58,1,18,1
BRF:27
BRH:20
end_of_record
